nohup: ignoring input
DW Server listening on port 80
Connected to the MySQL server. Id: 3191
nohup: ignoring input
DW Server listening on port 80
Connected to the MySQL server. Id: 3192
nohup: ignoring input
DW Server listening on port 80
Connected to the MySQL server. Id: 3193
nohup: ignoring input
DW Server listening on port 80
Connected to the MySQL server. Id: 3195
nohup: ignoring input
DW Server listening on port 80
Connected to the MySQL server. Id: 3274
nohup: ignoring input
DW Server listening on port 80
Connected to the MySQL server. Id: 3278
nohup: ignoring input
DW Server listening on port 80
Connected to the MySQL server. Id: 3279
nohup: ignoring input
events.js:160
      throw er; // Unhandled 'error' event
      ^

Error: listen EADDRINUSE :::80
    at Object.exports._errnoException (util.js:1026:11)
    at exports._exceptionWithHostPort (util.js:1049:20)
    at Server._listen2 (net.js:1257:14)
    at listen (net.js:1293:10)
    at Server.listen (net.js:1389:5)
    at EventEmitter.listen (/home/jnegahba/Visualizer/node_modules/express/lib/application.js:617:24)
    at Object.<anonymous> (/home/jnegahba/Visualizer/server.js:45:8)
    at Module._compile (module.js:570:32)
    at Object.Module._extensions..js (module.js:579:10)
    at Module.load (module.js:487:32)
nohup: ignoring input
DW Server listening on port 80
Connected to the MySQL server. Id: 3293
/home/jnegahba/Visualizer/node_modules/mysql/lib/protocol/Parser.js:78
        throw err; // Rethrow non-MySQL errors
        ^

TypeError: pug/system/journal.pug:20
    18|               th Message
    19|           tbody
  > 20|             each log in journal
    21|               tr
    22|                 td=log.jid
    23|                 td=log.moment

Cannot read property 'length' of undefined
    at eval (eval at wrap (/home/jnegahba/Visualizer/node_modules/pug-runtime/wrap.js:6:10), <anonymous>:89:31)
    at eval (eval at wrap (/home/jnegahba/Visualizer/node_modules/pug-runtime/wrap.js:6:10), <anonymous>:136:4)
    at template (eval at wrap (/home/jnegahba/Visualizer/node_modules/pug-runtime/wrap.js:6:10), <anonymous>:148:152)
    at Object.exports.renderFile (/home/jnegahba/Visualizer/node_modules/pug/lib/index.js:410:38)
    at Query.con.query (/home/jnegahba/Visualizer/ui.js:179:18)
    at Query.Sequence.end (/home/jnegahba/Visualizer/node_modules/mysql/lib/protocol/sequences/Sequence.js:86:24)
    at Query.ErrorPacket (/home/jnegahba/Visualizer/node_modules/mysql/lib/protocol/sequences/Query.js:94:8)
    at Protocol._parsePacket (/home/jnegahba/Visualizer/node_modules/mysql/lib/protocol/Protocol.js:280:23)
    at Parser.write (/home/jnegahba/Visualizer/node_modules/mysql/lib/protocol/Parser.js:74:12)
    at Protocol.write (/home/jnegahba/Visualizer/node_modules/mysql/lib/protocol/Protocol.js:39:16)
nohup: ignoring input
DW Server listening on port 80
Connected to the MySQL server. Id: 3294
/home/jnegahba/Visualizer/node_modules/mysql/lib/protocol/Parser.js:78
        throw err; // Rethrow non-MySQL errors
        ^

TypeError: pug/system/journal.pug:20
    18|               th Message
    19|           tbody
  > 20|             each log in journal
    21|               tr
    22|                 td=log.jid
    23|                 td=log.moment

Cannot read property 'length' of undefined
    at eval (eval at wrap (/home/jnegahba/Visualizer/node_modules/pug-runtime/wrap.js:6:10), <anonymous>:89:31)
    at eval (eval at wrap (/home/jnegahba/Visualizer/node_modules/pug-runtime/wrap.js:6:10), <anonymous>:136:4)
    at template (eval at wrap (/home/jnegahba/Visualizer/node_modules/pug-runtime/wrap.js:6:10), <anonymous>:148:152)
    at Object.exports.renderFile (/home/jnegahba/Visualizer/node_modules/pug/lib/index.js:410:38)
    at Query.con.query (/home/jnegahba/Visualizer/ui.js:179:18)
    at Query.Sequence.end (/home/jnegahba/Visualizer/node_modules/mysql/lib/protocol/sequences/Sequence.js:86:24)
    at Query.ErrorPacket (/home/jnegahba/Visualizer/node_modules/mysql/lib/protocol/sequences/Query.js:94:8)
    at Protocol._parsePacket (/home/jnegahba/Visualizer/node_modules/mysql/lib/protocol/Protocol.js:280:23)
    at Parser.write (/home/jnegahba/Visualizer/node_modules/mysql/lib/protocol/Parser.js:74:12)
    at Protocol.write (/home/jnegahba/Visualizer/node_modules/mysql/lib/protocol/Protocol.js:39:16)
nohup: ignoring input
DW Server listening on port 80
Connected to the MySQL server. Id: 3300
nohup: ignoring input
DW Server listening on port 80
Connected to the MySQL server. Id: 3302
nohup: ignoring input
DW Server listening on port 80
Connected to the MySQL server. Id: 3306
events.js:160
      throw er; // Unhandled 'error' event
      ^

Error: Connection lost: The server closed the connection.
    at Protocol.end (/home/jnegahba/Visualizer/node_modules/mysql/lib/protocol/Protocol.js:109:13)
    at Socket.<anonymous> (/home/jnegahba/Visualizer/node_modules/mysql/lib/Connection.js:115:28)
    at emitNone (events.js:91:20)
    at Socket.emit (events.js:185:7)
    at endReadableNT (_stream_readable.js:974:12)
    at _combinedTickCallback (internal/process/next_tick.js:74:11)
    at process._tickCallback (internal/process/next_tick.js:98:9)
nohup: ignoring input
DW Server listening on port 80
Connected to the MySQL server. Id: 3332
events.js:160
      throw er; // Unhandled 'error' event
      ^

Error: Connection lost: The server closed the connection.
    at Protocol.end (/home/jnegahba/Visualizer/node_modules/mysql/lib/protocol/Protocol.js:109:13)
    at Socket.<anonymous> (/home/jnegahba/Visualizer/node_modules/mysql/lib/Connection.js:115:28)
    at emitNone (events.js:91:20)
    at Socket.emit (events.js:185:7)
    at endReadableNT (_stream_readable.js:974:12)
    at _combinedTickCallback (internal/process/next_tick.js:74:11)
    at process._tickCallback (internal/process/next_tick.js:98:9)
nohup: ignoring input
DW Server listening on port 80
Connected to the MySQL server. Id: 3995
events.js:160
      throw er; // Unhandled 'error' event
      ^

Error: Connection lost: The server closed the connection.
    at Protocol.end (/home/jnegahba/Visualizer/node_modules/mysql/lib/protocol/Protocol.js:109:13)
    at Socket.<anonymous> (/home/jnegahba/Visualizer/node_modules/mysql/lib/Connection.js:115:28)
    at emitNone (events.js:91:20)
    at Socket.emit (events.js:185:7)
    at endReadableNT (_stream_readable.js:974:12)
    at _combinedTickCallback (internal/process/next_tick.js:74:11)
    at process._tickCallback (internal/process/next_tick.js:98:9)
nohup: ignoring input
DW Server listening on port 80
Connected to the MySQL server. Id: 4195
nohup: ignoring input
DW Server listening on port 80
Connected to the MySQL server. Id: 4229
[2017-03-08 19:48:14]   Sending state tables CA
[2017-03-08 19:48:15]   Sending state table scripts CA Bill
[2017-03-08 19:48:17]   Sending map
[2017-03-08 19:48:17]   Sending schedules
[2017-03-08 19:48:18]   Sending scripts
[2017-03-08 19:48:19]   Sending journal
[2017-03-08 19:48:19]   Sending scripts
[2017-03-08 19:48:20]   Sending map
[2017-03-08 19:48:21]   Sending schedules
[2017-03-08 19:48:21]   Sending scripts
[2017-03-08 19:48:22]   Sending journal
[2017-03-08 19:48:24]   Sending map
[2017-03-08 19:48:24]   Sending schedules
[2017-03-08 19:48:25]   Sending scripts
[2017-03-08 19:48:26]   Sending schedules
[2017-03-08 19:48:26]   Sending scripts
[2017-03-08 19:48:27]   Sending journal
[2017-03-08 19:48:27]   Sending scripts
[2017-03-08 19:48:28]   Sending schedules
[2017-03-08 19:48:29]   Sending map
[2017-03-08 19:48:30]   Sending state tables NY
[2017-03-08 19:48:32]   Sending state table scripts NY Term
[2017-03-08 19:48:33]   Sending map
[2017-03-08 19:48:34]   Sending state tables CA
[2017-03-08 19:48:34]   Sending state table scripts CA Term
[2017-03-08 19:48:37]   Sending state table scripts CA Bill
[2017-03-08 19:48:39]   Sending state table scripts CA Bill
[2017-03-08 19:48:43]   Sending state table scripts CA Bill
[2017-03-08 19:48:51]   Sending state table scripts CA Bill
[2017-03-08 19:49:13]   Sending state table scripts CA Legislator
[2017-03-08 19:49:15]   Sending state table scripts CA Term
[2017-03-08 19:49:16]   Sending state table scripts CA Action
[2017-03-08 19:49:18]   Sending state table scripts CA Hearing
[2017-03-08 19:49:19]   Sending state table scripts CA Person
[2017-03-08 19:49:21]   Sending schedules
[2017-03-08 19:49:22]   Sending schedule manage 1
[2017-03-08 19:49:24]   Sending scripts
[2017-03-08 19:49:28]   Sending script history (21)
[2017-03-08 19:49:35]   Sending script history (35)
[2017-03-08 19:49:40]   Sending scripts
[2017-03-08 19:49:41]   Sending schedules
[2017-03-08 19:49:41]   Sending scripts
[2017-03-08 19:49:42]   Sending journal
[2017-03-08 19:49:43]   Sending map
[2017-03-08 19:49:45]   Sending state tables CA
[2017-03-08 19:49:50]   Sending state tables NY
[2017-03-08 19:50:56]   Sending map
[2017-03-08 19:50:58]   Sending state tables CA
[2017-03-08 19:51:04]   Sending state tables CA
[2017-03-08 19:51:06]   Sending state tables CA
[2017-03-08 19:51:49]   Sending state table scripts CA Term
[2017-03-08 19:51:50]   Sending state table scripts CA Action
[2017-03-08 19:51:52]   Sending state table scripts CA Hearing
[2017-03-08 19:51:55]   Sending map
[2017-03-08 19:51:56]   Sending schedules
[2017-03-08 19:51:56]   Sending scripts
[2017-03-08 19:51:57]   Sending journal
[2017-03-08 19:51:57]   Sending map
[2017-03-08 19:52:08]   Sending scripts
[2017-03-08 19:52:08]   Sending schedules
[2017-03-08 19:52:10]   Sending schedule manage 1
[2017-03-08 19:52:11]   Sending scripts
[2017-03-08 19:52:14]   Sending journal
[2017-03-08 19:52:14]   Sending scripts
[2017-03-08 19:52:14]   Sending journal
[2017-03-08 19:52:15]   Sending scripts
[2017-03-08 19:52:15]   Sending journal
[2017-03-08 19:52:15]   Sending scripts
[2017-03-08 19:52:16]   Sending schedules
[2017-03-08 19:52:16]   Sending map
[2017-03-08 19:52:16]   Sending schedules
[2017-03-08 19:52:17]   Sending scripts
[2017-03-08 19:52:17]   Sending journal
[2017-03-08 19:52:17]   Sending map
[2017-03-08 19:52:18]   Sending schedules
[2017-03-08 19:52:18]   Sending journal
[2017-03-08 19:52:19]   Sending scripts
[2017-03-08 19:52:19]   Sending map
[2017-03-08 23:58:09]   Sending home
[2017-03-08 23:58:09]   Sending home
[2017-03-08 23:58:12]   Sending map
[2017-03-08 23:58:14]   Sending state tables CA
[2017-03-08 23:58:15]   Sending schedules
[2017-03-08 23:58:16]   Sending scripts
[2017-03-08 23:58:16]   Sending journal
[2017-03-09 01:08:40]   Sending map
[2017-03-09 04:27:40]   Sending home
[2017-03-09 04:27:44]   Sending map
[2017-03-09 04:27:45]   Sending schedules
[2017-03-09 04:27:46]   Sending scripts
[2017-03-09 04:27:46]   Sending journal
[2017-03-09 04:27:48]   Sending scripts
[2017-03-09 04:27:51]   Sending script history (21)
[2017-03-09 06:32:34]   Sending home
[2017-03-09 06:32:37]   Sending map
[2017-03-09 06:32:42]   Sending scripts
[2017-03-09 06:32:43]   Sending schedules
[2017-03-09 06:32:45]   Sending schedule manage 1
[2017-03-09 06:32:49]   Updating schedule 1
[2017-03-09 06:32:49]   Sending schedule manage 1
[2017-03-09 06:32:52]   Sending journal
[2017-03-09 06:33:05]   Sending map
[2017-03-09 06:33:06]   Sending state tables CA
[2017-03-09 06:33:10]   Sending scripts
[2017-03-09 16:29:24]   Sending home
[2017-03-09 16:29:26]   Sending map
[2017-03-09 16:29:29]   Sending state tables NY
[2017-03-09 16:29:35]   Sending state tables CA
[2017-03-09 16:29:58]   Sending state tables CA
[2017-03-09 16:30:01]   Sending scripts
[2017-03-09 16:30:04]   Sending script history (21)
[2017-03-09 16:30:14]   Sending schedules
[2017-03-09 16:30:15]   Sending scripts
[2017-03-09 16:30:16]   Sending schedules
[2017-03-09 16:30:24]   Sending scripts
[2017-03-09 16:30:26]   Sending journal
[2017-03-09 16:30:32]   Sending schedules
[2017-03-09 16:30:36]   Sending map
[2017-03-09 16:30:37]   Sending state tables CA
[2017-03-09 16:30:41]   Sending state table scripts CA BillVersion
[2017-03-09 16:30:43]   Sending state tables NY
[2017-03-09 21:20:00]   Sending home
[2017-03-09 21:20:04]   Sending map
[2017-03-09 21:20:08]   Sending journal
[2017-03-09 21:20:20]   Sending scripts
[2017-03-09 21:20:32]   Sending schedules
[2017-03-09 21:20:35]   Sending schedule manage 1
[2017-03-09 22:22:16]   Sending home
[2017-03-10 01:37:10]   Sending home
[2017-03-10 01:39:11]   Sending home
[2017-03-10 01:39:13]   Sending map
[2017-03-10 01:39:17]   Sending state tables CA
[2017-03-10 01:39:18]   Sending scripts
[2017-03-10 01:39:20]   Sending script history (8)
[2017-03-10 09:35:38]   Sending home
[2017-03-10 09:35:41]   Sending map
[2017-03-10 09:35:43]   Sending state tables CA
[2017-03-10 09:35:45]   Sending state tables NY
[2017-03-10 09:35:47]   Sending schedules
[2017-03-10 09:35:48]   Sending scripts
[2017-03-10 09:35:54]   Sending script history (38)
[2017-03-10 09:36:06]   Sending schedules
[2017-03-10 09:36:07]   Sending schedule manage 1
[2017-03-10 09:36:10]   Sending schedule manage 2
[2017-03-10 09:36:14]   Sending scripts
[2017-03-10 09:36:19]   Sending script history (38)
[2017-03-10 09:36:34]   Sending schedules
[2017-03-10 09:36:35]   Sending map
[2017-03-10 09:36:36]   Sending schedules
[2017-03-10 09:36:41]   Sending journal
[2017-03-10 17:50:23]   Sending home
[2017-03-10 17:50:26]   Sending map
[2017-03-10 17:50:28]   Sending state tables CA
[2017-03-10 17:50:39]   Sending state table scripts CA CommitteeAuthors
[2017-03-10 17:50:42]   Sending scripts
[2017-03-10 17:50:43]   Sending script history (8)
[2017-03-10 17:50:49]   Sending script history (10)
[2017-03-10 17:50:55]   Sending script history (36)
[2017-03-10 17:51:08]   Sending script history (29)
[2017-03-10 17:51:14]   Sending script history (28)
[2017-03-10 17:51:17]   Sending script history (29)
[2017-03-10 17:51:22]   Sending script history (29)
[2017-03-10 17:51:28]   Sending map
[2017-03-10 17:51:30]   Sending state tables CA
[2017-03-10 17:51:31]   Sending state table scripts CA Action
[2017-03-10 17:51:34]   Sending state table scripts CA Bill
[2017-03-10 17:51:41]   Sending state table scripts CA Bill
[2017-03-10 17:51:44]   Sending journal
[2017-03-10 20:36:10]   Sending home
[2017-03-10 20:36:26]   Sending map
[2017-03-10 20:37:17]   Sending state tables CA
[2017-03-10 21:11:33]   Sending home
[2017-03-10 21:11:35]   Sending map
[2017-03-10 21:11:56]   Sending state tables NY
[2017-03-10 21:11:58]   Sending state table scripts NY Action
[2017-03-10 21:12:01]   Sending schedules
[2017-03-10 21:12:02]   Sending scripts
[2017-03-10 21:12:03]   Sending journal
[2017-03-10 21:12:04]   Sending scripts
[2017-03-10 21:12:05]   Sending schedules
[2017-03-10 21:14:16]   Sending schedules
[2017-03-10 21:14:16]   Sending scripts
[2017-03-10 21:14:23]   Sending journal
[2017-03-10 21:34:19]   Sending home
[2017-03-10 21:34:25]   Sending map
[2017-03-10 21:35:00]   Sending journal
[2017-03-10 21:35:11]   Sending home
[2017-03-10 21:38:32]   Sending home
[2017-03-10 21:38:34]   Sending map
[2017-03-10 21:38:36]   Sending schedules
[2017-03-10 21:38:38]   Sending scripts
[2017-03-10 21:39:13]   Sending schedules
[2017-03-10 21:39:19]   Sending schedule manage 1
[2017-03-10 21:39:24]   Sending schedule manage 2
[2017-03-10 21:39:30]   Sending scripts
[2017-03-10 21:39:31]   Sending schedules
[2017-03-10 21:40:50]   Sending scripts
[2017-03-10 21:40:55]   Sending journal
[2017-03-10 21:41:01]   Sending map
[2017-03-10 21:41:45]   Sending journal
[2017-03-10 21:41:47]   Sending map
[2017-03-10 21:42:02]   Sending schedules
[2017-03-10 21:42:06]   Sending map
[2017-03-10 21:42:11]   Sending scripts
[2017-03-10 21:42:15]   Sending map
[2017-03-10 21:42:32]   Sending schedules
[2017-03-10 21:42:33]   Sending scripts
[2017-03-10 21:42:34]   Sending journal
[2017-03-10 21:42:34]   Sending map
[2017-03-10 21:42:44]   Sending journal
[2017-03-10 21:42:44]   Sending scripts
[2017-03-10 21:42:45]   Sending map
[2017-03-10 21:42:46]   Sending map
[2017-03-10 21:42:47]   Sending schedules
[2017-03-10 21:43:45]   Sending map
[2017-03-10 21:44:02]   Sending map
[2017-03-10 21:44:05]   Sending home
[2017-03-10 21:44:11]   Sending map
[2017-03-10 21:44:44]   Sending map
[2017-03-10 21:44:45]   Sending schedules
[2017-03-10 21:44:45]   Sending journal
[2017-03-10 21:44:49]   Sending map
[2017-03-10 21:44:52]   Sending journal
[2017-03-10 21:45:07]   Sending map
[2017-03-10 21:45:08]   Sending journal
[2017-03-10 21:45:10]   Sending map
[2017-03-10 21:45:11]   Sending schedules
[2017-03-10 21:45:11]   Sending schedules
[2017-03-10 21:45:12]   Sending scripts
[2017-03-10 21:45:12]   Sending journal
[2017-03-10 21:45:13]   Sending map
[2017-03-10 21:45:15]   Sending schedules
[2017-03-10 21:45:16]   Sending scripts
[2017-03-10 21:45:48]   Sending journal
[2017-03-10 21:45:50]   Sending map
[2017-03-10 21:45:51]   Sending schedules
[2017-03-10 21:45:52]   Sending scripts
[2017-03-10 21:45:52]   Sending map
[2017-03-10 21:45:55]   Sending schedules
[2017-03-10 21:45:55]   Sending journal
[2017-03-10 21:45:57]   Sending map
[2017-03-10 21:45:59]   Sending state tables CA
[2017-03-10 21:46:03]   Sending schedules
[2017-03-10 21:46:07]   Sending scripts
[2017-03-10 21:46:07]   Sending journal
[2017-03-10 21:46:08]   Sending schedules
[2017-03-10 21:46:09]   Sending scripts
[2017-03-10 21:46:35]   Sending scripts
[2017-03-10 21:46:36]   Sending journal
[2017-03-10 21:46:45]   Sending map
[2017-03-10 21:46:56]   Sending schedules
[2017-03-10 21:46:57]   Sending scripts
[2017-03-10 21:46:59]   Sending journal
[2017-03-10 21:47:00]   Sending map
[2017-03-10 21:51:36]   Sending scripts
[2017-03-10 21:51:37]   Sending map
[2017-03-10 21:53:32]   Sending home
[2017-03-10 21:53:40]   Sending map
[2017-03-10 21:56:03]   Sending scripts
[2017-03-10 22:01:31]   Sending schedules
[2017-03-10 22:02:10]   Sending map
[2017-03-10 22:07:21]   Sending schedules
[2017-03-10 22:07:22]   Sending scripts
[2017-03-10 22:09:35]   Sending state tables NY
[2017-03-10 22:09:40]   Sending map
[2017-03-10 22:15:31]   Sending journal
[2017-03-10 22:26:52]   Sending journal
[2017-03-10 22:27:08]   Sending journal
[2017-03-10 22:32:52]   Sending map
[2017-03-10 22:33:04]   Sending scripts
[2017-03-10 22:33:08]   Sending script history (8)
[2017-03-10 22:33:12]   Sending script history (9)
[2017-03-10 22:33:16]   Sending script history (10)
[2017-03-10 22:33:19]   Sending script history (11)
[2017-03-10 22:33:23]   Sending script history (13)
[2017-03-10 22:33:43]   Sending map
[2017-03-10 22:33:46]   Sending state tables CA
[2017-03-10 22:33:47]   Sending state table scripts CA Hearing
[2017-03-10 22:33:51]   Sending state table scripts CA BillVersion
[2017-03-10 22:33:53]   Sending state table scripts CA Bill
[2017-03-10 22:36:18]   Sending scripts
[2017-03-10 22:37:03]   Sending schedules
[2017-03-10 22:47:24]   Sending state table scripts CA Bill
[2017-03-10 22:49:56]   Sending scripts
[2017-03-10 22:49:59]   Sending script history (10)
[2017-03-10 22:51:19]   Sending map
[2017-03-10 22:51:21]   Sending schedules
[2017-03-10 22:51:23]   Sending scripts
[2017-03-10 22:51:23]   Sending scripts
[2017-03-10 22:51:24]   Sending schedules
[2017-03-10 22:51:26]   Sending schedule manage 1
[2017-03-10 22:51:33]   Sending script history (8)
[2017-03-10 22:51:47]   Sending scripts
[2017-03-10 22:52:02]   Sending scripts
[2017-03-10 22:56:04]   Sending home
[2017-03-10 22:56:10]   Sending map
[2017-03-10 22:56:13]   Sending state tables NY
[2017-03-10 22:56:20]   Sending scripts
[2017-03-10 22:56:52]   Sending script history (8)
[2017-03-10 22:57:37]   Sending script history (8)
[2017-03-10 22:57:57]   Sending state table scripts NY BillVersion
[2017-03-10 23:03:29]   Sending script history (8)
[2017-03-10 23:03:31]   Sending map
[2017-03-10 23:03:35]   Sending map
[2017-03-10 23:05:00]   Sending schedules
[2017-03-10 23:05:01]   Sending scripts
[2017-03-10 23:05:03]   Sending journal
[2017-03-10 23:05:04]   Sending map
[2017-03-10 23:07:51]   Sending scripts
nohup: ignoring input
DW Server listening on port 80
Connected to the MySQL server. Id: 4647
[2017-03-10 23:24:05]   Sending home
[2017-03-10 23:24:08]   Sending map
[2017-03-10 23:24:10]   Sending state tables CA
[2017-03-10 23:24:13]   Sending map
[2017-03-10 23:24:15]   Sending schedules
[2017-03-10 23:24:19]   Sending scripts
nohup: ignoring input
DW Server listening on port 80
Connected to the MySQL server. Id: 4648
[2017-03-10 23:25:26]   Sending scripts
nohup: ignoring input
DW Server listening on port 80
Connected to the MySQL server. Id: 4649
nohup: ignoring input
DW Server listening on port 80
Connected to the MySQL server. Id: 4650
[2017-03-10 23:29:03]   Sending scripts
nohup: ignoring input
DW Server listening on port 80
Connected to the MySQL server. Id: 4651
[2017-03-10 23:30:44]   Sending scripts
[2017-03-10 23:31:02]   Sending scripts
[2017-03-10 23:31:07]   Sending schedules
[2017-03-10 23:31:16]   Sending map
[2017-03-10 23:31:19]   Sending state tables CA
[2017-03-10 23:31:21]   Sending state table scripts CA Bill
[2017-03-10 23:31:38]   Sending scripts
[2017-03-10 23:31:46]   Sending schedules
[2017-03-10 23:31:48]   Sending scripts
[2017-03-10 23:31:50]   Sending script history (8)
[2017-03-10 23:32:21]   Sending script history (8)
nohup: ignoring input
DW Server listening on port 80
Connected to the MySQL server. Id: 4652
[2017-03-10 23:33:53]   Sending home
[2017-03-10 23:33:56]   Sending map
[2017-03-10 23:33:58]   Sending state tables CA
[2017-03-10 23:34:00]   Sending scripts
[2017-03-10 23:34:03]   Sending script history (8)
[2017-03-10 23:34:57]   Sending home
[2017-03-10 23:35:03]   Sending map
[2017-03-10 23:35:04]   Sending scripts
[2017-03-10 23:35:06]   Sending state tables CA
[2017-03-10 23:35:07]   Sending script history (9)
[2017-03-10 23:35:08]   Sending state table scripts CA BillVersion
[2017-03-10 23:35:21]   Sending scripts
[2017-03-10 23:35:25]   Sending script history (8)
[2017-03-10 23:35:37]   Sending script history (10)
[2017-03-10 23:35:52]   Sending script history (11)
[2017-03-10 23:35:56]   Sending script history (10)
[2017-03-10 23:36:06]   Sending script history (13)
nohup: ignoring input
DW Server listening on port 80
Connected to the MySQL server. Id: 4653
[2017-03-10 23:36:23]   Sending script history (9)
[2017-03-10 23:36:33]   Sending script history (17)
[2017-03-10 23:36:40]   Sending script history (8)
[2017-03-10 23:36:46]   Sending script history (9)
[2017-03-10 23:37:05]   Sending script history (12)
[2017-03-10 23:37:10]   Sending script history (11)
[2017-03-10 23:37:14]   Sending script history (12)
[2017-03-10 23:37:22]   Sending script history (11)
[2017-03-10 23:37:26]   Sending script history (10)
[2017-03-10 23:38:34]   Sending script history (12)
[2017-03-10 23:38:40]   Sending script history (9)
[2017-03-10 23:45:24]   Sending script history (9)
[2017-03-10 23:48:35]   Sending scripts
[2017-03-10 23:53:23]   Sending state tables CA
[2017-03-10 23:53:24]   Sending scripts
[2017-03-10 23:53:25]   Sending journal
[2017-03-10 23:53:26]   Sending scripts
[2017-03-10 23:54:26]   Sending scripts
[2017-03-11 01:43:00]   Sending schedules
[2017-03-11 01:43:01]   Sending scripts
[2017-03-11 01:43:03]   Sending journal
[2017-03-11 01:43:04]   Sending scripts
[2017-03-11 01:43:05]   Sending schedules
[2017-03-11 01:43:06]   Sending map
[2017-03-11 01:43:08]   Sending state tables CA
[2017-03-11 01:43:10]   Sending state tables NY
[2017-03-11 01:45:30]   Sending home
[2017-03-11 01:45:32]   Sending map
[2017-03-11 01:45:34]   Sending state tables CA
[2017-03-11 01:45:36]   Sending state tables NY
[2017-03-11 01:45:39]   Sending state tables CA
[2017-03-11 01:45:57]   Sending scripts
[2017-03-11 03:24:52]   Sending schedules
[2017-03-11 03:59:18]   Sending schedules
[2017-03-11 16:13:01]   Sending home
[2017-03-11 16:13:05]   Sending map
[2017-03-11 16:13:11]   Sending scripts
[2017-03-11 16:13:12]   Sending script history (8)
[2017-03-11 16:13:26]   Sending scripts
[2017-03-11 16:13:28]   Sending script history (12)
[2017-03-11 16:13:30]   Sending journal
[2017-03-11 16:13:31]   Sending scripts
[2017-03-11 16:13:32]   Sending schedules
[2017-03-11 16:13:33]   Sending map
[2017-03-11 16:13:47]   Sending schedules
[2017-03-11 16:13:48]   Sending scripts
[2017-03-11 17:12:33]   Sending schedules
[2017-03-11 17:21:23]   Sending scripts
[2017-03-11 19:52:51]   Sending journal
[2017-03-11 21:10:13]   Sending map
[2017-03-11 22:54:45]   Sending schedules
[2017-03-11 22:54:46]   Sending map
[2017-03-11 22:54:49]   Sending scripts
[2017-03-11 23:18:03]   Sending map
[2017-03-12 00:39:09]   Sending scripts
[2017-03-12 00:39:11]   Sending script history (8)
[2017-03-12 00:39:18]   Sending map
[2017-03-12 00:39:20]   Sending scripts
[2017-03-12 00:39:22]   Sending script history (11)
[2017-03-12 00:39:33]   Sending map
[2017-03-12 00:39:40]   Sending schedules
[2017-03-12 00:39:41]   Sending scripts
nohup: ignoring input
DW Server listening on port 80
Connected to the MySQL server. Id: 4920
sending live
[2017-03-12 01:58:07]   Sending home
[2017-03-12 01:58:09]   Sending map
[2017-03-12 01:58:10]   Sending state tables NY
[2017-03-12 01:58:12]   Sending schedules
[2017-03-12 01:58:13]   Sending scripts
[2017-03-12 01:58:14]   Sending journal
[2017-03-12 01:58:15]   Sending scripts
[2017-03-12 01:58:19]   Sending journal
[2017-03-12 16:50:44]   Sending home
[2017-03-12 16:50:46]   Sending map
[2017-03-12 16:50:47]   Sending state tables NY
[2017-03-12 16:50:52]   Sending state tables NY
[2017-03-12 16:50:55]   Sending scripts
[2017-03-12 16:51:00]   Sending script history (23)
[2017-03-12 16:51:09]   Sending map
sending live
nohup: ignoring input
DW Server listening on port 80
Connected to the MySQL server. Id: 4990
sending live
nohup: ignoring input
DW Server listening on port 80
/home/jnegahba/Visualizer/Dao/Conn.js:6
setInterval(() => con.query('SELECT 1'), 10 * 60 * 1000);
                  ^

ReferenceError: con is not defined
    at Timeout.setInterval [as _onTimeout] (/home/jnegahba/Visualizer/Dao/Conn.js:6:19)
    at ontimeout (timers.js:365:14)
    at tryOnTimeout (timers.js:237:5)
    at Timer.listOnTimeout (timers.js:207:5)
nohup: ignoring input
DW Server listening on port 80
/home/jnegahba/Visualizer/node_modules/mysql/lib/protocol/Parser.js:78
        throw err; // Rethrow non-MySQL errors
        ^

ReferenceError: formatNulls is not defined
    at Query.Conn.getConn.query [as _callback] (/home/jnegahba/Visualizer/Server.js:77:32)
    at Query.Sequence.end (/home/jnegahba/Visualizer/node_modules/mysql/lib/protocol/sequences/Sequence.js:86:24)
    at Query._handleFinalResultPacket (/home/jnegahba/Visualizer/node_modules/mysql/lib/protocol/sequences/Query.js:144:8)
    at Query.EofPacket (/home/jnegahba/Visualizer/node_modules/mysql/lib/protocol/sequences/Query.js:128:8)
    at Protocol._parsePacket (/home/jnegahba/Visualizer/node_modules/mysql/lib/protocol/Protocol.js:280:23)
    at Parser.write (/home/jnegahba/Visualizer/node_modules/mysql/lib/protocol/Parser.js:74:12)
    at Protocol.write (/home/jnegahba/Visualizer/node_modules/mysql/lib/protocol/Protocol.js:39:16)
    at Socket.<anonymous> (/home/jnegahba/Visualizer/node_modules/mysql/lib/Connection.js:109:28)
    at emitOne (events.js:96:13)
    at Socket.emit (events.js:188:7)
nohup: ignoring input
DW Server listening on port 80
/home/jnegahba/Visualizer/node_modules/mysql/lib/protocol/Parser.js:78
        throw err; // Rethrow non-MySQL errors
        ^

ReferenceError: formatNulls is not defined
    at Query.Conn.getConn.query [as _callback] (/home/jnegahba/Visualizer/Server.js:77:32)
    at Query.Sequence.end (/home/jnegahba/Visualizer/node_modules/mysql/lib/protocol/sequences/Sequence.js:86:24)
    at Query._handleFinalResultPacket (/home/jnegahba/Visualizer/node_modules/mysql/lib/protocol/sequences/Query.js:144:8)
    at Query.EofPacket (/home/jnegahba/Visualizer/node_modules/mysql/lib/protocol/sequences/Query.js:128:8)
    at Protocol._parsePacket (/home/jnegahba/Visualizer/node_modules/mysql/lib/protocol/Protocol.js:280:23)
    at Parser.write (/home/jnegahba/Visualizer/node_modules/mysql/lib/protocol/Parser.js:74:12)
    at Protocol.write (/home/jnegahba/Visualizer/node_modules/mysql/lib/protocol/Protocol.js:39:16)
    at Socket.<anonymous> (/home/jnegahba/Visualizer/node_modules/mysql/lib/Connection.js:109:28)
    at emitOne (events.js:96:13)
    at Socket.emit (events.js:188:7)
nohup: ignoring input
DW Server listening on port 80
/home/jnegahba/Visualizer/node_modules/mysql/lib/protocol/Parser.js:78
        throw err; // Rethrow non-MySQL errors
        ^

ReferenceError: formatNulls is not defined
    at Query.Conn.getConn.query [as _callback] (/home/jnegahba/Visualizer/Server.js:77:32)
    at Query.Sequence.end (/home/jnegahba/Visualizer/node_modules/mysql/lib/protocol/sequences/Sequence.js:86:24)
    at Query._handleFinalResultPacket (/home/jnegahba/Visualizer/node_modules/mysql/lib/protocol/sequences/Query.js:144:8)
    at Query.EofPacket (/home/jnegahba/Visualizer/node_modules/mysql/lib/protocol/sequences/Query.js:128:8)
    at Protocol._parsePacket (/home/jnegahba/Visualizer/node_modules/mysql/lib/protocol/Protocol.js:280:23)
    at Parser.write (/home/jnegahba/Visualizer/node_modules/mysql/lib/protocol/Parser.js:74:12)
    at Protocol.write (/home/jnegahba/Visualizer/node_modules/mysql/lib/protocol/Protocol.js:39:16)
    at Socket.<anonymous> (/home/jnegahba/Visualizer/node_modules/mysql/lib/Connection.js:109:28)
    at emitOne (events.js:96:13)
    at Socket.emit (events.js:188:7)
nohup: ignoring input
DW Server listening on port 80
nohup: ignoring input
DW Server listening on port 80
nohup: ignoring input
DW Server listening on port 80
nohup: ignoring input
DW Server listening on port 80
ReferenceError: exec is not defined
    at server.post (/home/jnegahba/Visualizer/Server.js:123:43)
    at Layer.handle [as handle_request] (/home/jnegahba/Visualizer/node_modules/express/lib/router/layer.js:95:5)
    at next (/home/jnegahba/Visualizer/node_modules/express/lib/router/route.js:131:13)
    at Route.dispatch (/home/jnegahba/Visualizer/node_modules/express/lib/router/route.js:112:3)
    at Layer.handle [as handle_request] (/home/jnegahba/Visualizer/node_modules/express/lib/router/layer.js:95:5)
    at /home/jnegahba/Visualizer/node_modules/express/lib/router/index.js:277:22
    at Function.process_params (/home/jnegahba/Visualizer/node_modules/express/lib/router/index.js:330:12)
    at next (/home/jnegahba/Visualizer/node_modules/express/lib/router/index.js:271:10)
    at Immediate.<anonymous> (/home/jnegahba/Visualizer/node_modules/express-session/index.js:473:7)
    at runCallback (timers.js:641:20)
nohup: ignoring input
DW Server listening on port 80
nohup: ignoring input
DW Server listening on port 80
nohup: ignoring input
DW Server listening on port 80
TypeError: "options" argument must be an object
    at normalizeSpawnArguments (child_process.js:325:11)
    at exports.spawn (child_process.js:374:38)
    at server.post (/home/jnegahba/Visualizer/Server.js:123:43)
    at Layer.handle [as handle_request] (/home/jnegahba/Visualizer/node_modules/express/lib/router/layer.js:95:5)
    at next (/home/jnegahba/Visualizer/node_modules/express/lib/router/route.js:131:13)
    at Route.dispatch (/home/jnegahba/Visualizer/node_modules/express/lib/router/route.js:112:3)
    at Layer.handle [as handle_request] (/home/jnegahba/Visualizer/node_modules/express/lib/router/layer.js:95:5)
    at /home/jnegahba/Visualizer/node_modules/express/lib/router/index.js:277:22
    at Function.process_params (/home/jnegahba/Visualizer/node_modules/express/lib/router/index.js:330:12)
    at next (/home/jnegahba/Visualizer/node_modules/express/lib/router/index.js:271:10)
nohup: ignoring input
events.js:160
      throw er; // Unhandled 'error' event
      ^

Error: listen EADDRINUSE :::80
    at Object.exports._errnoException (util.js:1026:11)
    at exports._exceptionWithHostPort (util.js:1049:20)
    at Server._listen2 (net.js:1257:14)
    at listen (net.js:1293:10)
    at Server.listen (net.js:1389:5)
    at EventEmitter.listen (/home/jnegahba/Visualizer/node_modules/express/lib/application.js:617:24)
    at Object.<anonymous> (/home/jnegahba/Visualizer/Server.js:162:8)
    at Module._compile (module.js:570:32)
    at Object.Module._extensions..js (module.js:579:10)
    at Module.load (module.js:487:32)
nohup: ignoring input
DW Server listening on port 80
module.js:471
    throw err;
    ^

Error: Cannot find module '/home/jnegahba/Visualizer/server.js'
    at Function.Module._resolveFilename (module.js:469:15)
    at Function.Module._load (module.js:417:25)
    at Module.runMain (module.js:604:10)
    at run (bootstrap_node.js:394:7)
    at startup (bootstrap_node.js:149:9)
    at bootstrap_node.js:509:3
DW Server listening on port 80
DW Server listening on port 80
DW Server listening on port 80
DW Server listening on port 80
DW Server listening on port 80
nohup: ignoring input
DW Server listening on port 80
nohup: ignoring input
DW Server listening on port 80
